2025-02-20 18:02:56,103 - INFO: Starting PDF processing for directory: ./data
2025-02-20 18:02:56,103 - INFO: Database initialized.
2025-02-20 18:02:56,104 - INFO: PDF processing completed
2025-02-20 18:02:56,104 - INFO: Processing complete.
Feb 20 2025 06:04:59 PM - INFO: Starting PDF processing for directory: ./data
Feb 20 2025 06:04:59 PM - INFO: Database initialized.
Feb 20 2025 06:04:59 PM - INFO: PDF processing completed
Feb 20 2025 06:04:59 PM - INFO: Processing complete.
Feb 20 2025 06:06:51 PM - INFO: Starting PDF processing for directory: ./data
Feb 20 2025 06:06:51 PM - INFO: Database initialized.
Feb 20 2025 06:06:51 PM - WARNING: No PDF files found in the directory: ./data. Exiting.
Feb 20 2025 06:06:51 PM - INFO: Processing complete.
Feb 20 2025 06:14:51 PM - INFO: Starting PDF processing for directory: ./data
Feb 20 2025 06:14:51 PM - INFO: Database initialized.
Feb 20 2025 06:14:51 PM - INFO: Processing the PDF: Python_OOPs_Inheritance_and_Encapsulations.pdf
Feb 20 2025 06:14:51 PM - INFO: Extracted text from: ./data\Python_OOPs_Inheritance_and_Encapsulations.pdf
Feb 20 2025 06:14:51 PM - ERROR: Error processing Python_OOPs_Inheritance_and_Encapsulations.pdf: table extracted_pdf_details has no column named filename
Feb 20 2025 06:14:51 PM - INFO: PDF processing completed
Feb 20 2025 06:14:51 PM - INFO: Processing complete.
Feb 20 2025 06:16:03 PM - INFO: Starting PDF processing for directory: ./data
Feb 20 2025 06:16:03 PM - INFO: Database initialized.
Feb 20 2025 06:16:03 PM - INFO: Processing the PDF: Python_OOPs_Inheritance_and_Encapsulations.pdf
Feb 20 2025 06:16:03 PM - INFO: Extracted text from: ./data\Python_OOPs_Inheritance_and_Encapsulations.pdf
Feb 20 2025 06:16:03 PM - INFO: Data saved to database: Python_OOPs_Inheritance_and_Encapsulations.pdf
Feb 20 2025 06:16:03 PM - INFO: PDF processing completed
Feb 20 2025 06:16:03 PM - INFO: Processing complete.
